Log file open, 05/08/22 21:06:57
LogWindows: Failed to load 'aqProf.dll' (GetLastError=126)
LogWindows: File 'aqProf.dll' does not exist
LogWindows: Failed to load 'VtuneApi.dll' (GetLastError=126)
LogWindows: File 'VtuneApi.dll' does not exist
LogWindows: Failed to load 'VtuneApi32e.dll' (GetLastError=126)
LogWindows: File 'VtuneApi32e.dll' does not exist
LogConsoleResponse: Display: Failed to find resolution value strings in scalability ini. Falling back to default.
LogConsoleResponse: Display: Failed to find resolution value strings in scalability ini. Falling back to default.
LogInit: Display: Running engine for game: Bigkenneth
LogPlatformFile: Not using cached read wrapper
LogTaskGraph: Started task graph with 5 named threads and 11 total threads with 3 sets of task threads.
LogStats: Stats thread started at 2.526836
LogICUInternationalization: ICU TimeZone Detection - Raw Offset: +0:00, Platform Override: ''
LogInit: Display: Loading text-based GConfig....
LogPluginManager: Mounting plugin MeshPainting
LogPluginManager: Mounting plugin XGEController
LogPluginManager: Mounting plugin Paper2D
LogPluginManager: Mounting plugin AISupport
LogPluginManager: Mounting plugin EnvironmentQueryEditor
LogPluginManager: Mounting plugin LiveLink
LogPluginManager: Mounting plugin LightPropagationVolume
LogPluginManager: Mounting plugin GameplayCameras
LogPluginManager: Mounting plugin CameraShakePreviewer
LogPluginManager: Mounting plugin OodleData
LogPluginManager: Mounting plugin OodleNetwork
LogPluginManager: Mounting plugin AnimationSharing
LogPluginManager: Mounting plugin CLionSourceCodeAccess
LogPluginManager: Mounting plugin GitSourceControl
LogPluginManager: Mounting plugin KDevelopSourceCodeAccess
LogPluginManager: Mounting plugin CodeLiteSourceCodeAccess
LogPluginManager: Mounting plugin NullSourceCodeAccess
LogPluginManager: Mounting plugin PerforceSourceControl
LogPluginManager: Mounting plugin PixWinPlugin
LogPluginManager: Mounting plugin PlasticSourceControl
LogPluginManager: Mounting plugin PropertyAccessNode
LogPluginManager: Mounting plugin RiderSourceCodeAccess
LogPluginManager: Mounting plugin SubversionSourceControl
LogPluginManager: Mounting plugin TextureFormatOodle
LogPluginManager: Mounting plugin UObjectPlugin
LogPluginManager: Mounting plugin VisualStudioCodeSourceCodeAccess
LogPluginManager: Mounting plugin VisualStudioSourceCodeAccess
LogPluginManager: Mounting plugin AssetManagerEditor
LogPluginManager: Mounting plugin XCodeSourceCodeAccess
LogPluginManager: Mounting plugin CurveEditorTools
LogPluginManager: Mounting plugin CryptoKeys
LogPluginManager: Mounting plugin DataValidation
LogPluginManager: Mounting plugin FacialAnimation
LogPluginManager: Mounting plugin GameplayTagsEditor
LogPluginManager: Mounting plugin GeometryMode
LogPluginManager: Mounting plugin MacGraphicsSwitching
LogPluginManager: Mounting plugin MaterialAnalyzer
LogPluginManager: Mounting plugin MobileLauncherProfileWizard
LogPluginManager: Mounting plugin PluginBrowser
LogPluginManager: Mounting plugin SpeedTreeImporter
LogPluginManager: Mounting plugin DatasmithContent
LogPluginManager: Mounting plugin PluginUtils
LogPluginManager: Mounting plugin VariantManagerContent
LogPluginManager: Mounting plugin Niagara
LogPluginManager: Mounting plugin AlembicImporter
LogPluginManager: Mounting plugin AutomationUtils
LogPluginManager: Mounting plugin ChaosCloth
LogPluginManager: Mounting plugin ChaosClothEditor
LogPluginManager: Mounting plugin ChaosEditor
LogPluginManager: Mounting plugin ChaosNiagara
LogPluginManager: Mounting plugin ChaosSolverPlugin
LogPluginManager: Mounting plugin CharacterAI
LogPluginManager: Mounting plugin BackChannel
LogPluginManager: Mounting plugin GeometryCache
LogPluginManager: Mounting plugin GeometryCollectionPlugin
LogPluginManager: Mounting plugin GeometryProcessing
LogPluginManager: Mounting plugin MotoSynth
LogPluginManager: Mounting plugin OpenImageDenoise
LogPluginManager: Mounting plugin PlanarCut
LogPluginManager: Mounting plugin ProxyLODPlugin
LogPluginManager: Mounting plugin PlatformCrypto
LogPluginManager: Mounting plugin PythonScriptPlugin
LogPluginManager: Mounting plugin SkeletalReduction
LogPluginManager: Mounting plugin LuminPlatformFeatures
LogPluginManager: Mounting plugin MagicLeap
LogPluginManager: Mounting plugin MagicLeapLightEstimation
LogPluginManager: Mounting plugin MagicLeapMedia
LogPluginManager: Mounting plugin MagicLeapPassableWorld
LogPluginManager: Mounting plugin MLSDK
LogPluginManager: Mounting plugin AndroidMedia
LogPluginManager: Mounting plugin AvfMedia
LogPluginManager: Mounting plugin ImgMedia
LogPluginManager: Mounting plugin MediaCompositing
LogPluginManager: Mounting plugin MediaPlayerEditor
LogPluginManager: Mounting plugin WebMMedia
LogPluginManager: Mounting plugin WmfMedia
LogPluginManager: Mounting plugin TcpMessaging
LogPluginManager: Mounting plugin UdpMessaging
LogPluginManager: Mounting plugin ActorSequence
LogPluginManager: Mounting plugin LevelSequenceEditor
LogPluginManager: Mounting plugin MatineeToLevelSequence
LogPluginManager: Mounting plugin TemplateSequence
LogPluginManager: Mounting plugin OnlineSubsystem
LogPluginManager: Mounting plugin OnlineSubsystemNull
LogPluginManager: Mounting plugin OnlineSubsystemUtils
LogPluginManager: Mounting plugin LauncherChunkInstaller
LogPluginManager: Mounting plugin ActorLayerUtilities
LogPluginManager: Mounting plugin AndroidDeviceProfileSelector
LogPluginManager: Mounting plugin AndroidMoviePlayer
LogPluginManager: Mounting plugin AndroidPermission
LogPluginManager: Mounting plugin AppleImageUtils
LogPluginManager: Mounting plugin AppleMoviePlayer
LogPluginManager: Mounting plugin ArchVisCharacter
LogPluginManager: Mounting plugin AssetTags
LogPluginManager: Mounting plugin AudioCapture
LogPluginManager: Mounting plugin AudioSynesthesia
LogPluginManager: Mounting plugin CableComponent
LogPluginManager: Mounting plugin ChunkDownloader
LogPluginManager: Mounting plugin CustomMeshComponent
LogPluginManager: Mounting plugin EditableMesh
LogPluginManager: Mounting plugin ExampleDeviceProfileSelector
LogPluginManager: Mounting plugin GoogleCloudMessaging
LogPluginManager: Mounting plugin GooglePAD
LogPluginManager: Mounting plugin ScreenshotTools
LogPluginManager: Mounting plugin IOSDeviceProfileSelector
LogPluginManager: Mounting plugin LinuxDeviceProfileSelector
LogPluginManager: Mounting plugin LocationServicesBPLibrary
LogPluginManager: Mounting plugin MobilePatchingUtils
LogPluginManager: Mounting plugin OpenXR
LogPluginManager: Mounting plugin OpenXREyeTracker
LogPluginManager: Mounting plugin OpenXRHandTracking
LogPluginManager: Mounting plugin PhysXVehicles
LogPluginManager: Mounting plugin PostSplashScreen
LogPluginManager: Mounting plugin ProceduralMeshComponent
LogPluginManager: Mounting plugin PropertyAccessEditor
LogPluginManager: Mounting plugin RuntimePhysXCooking
LogPluginManager: Mounting plugin SignificanceManager
LogPluginManager: Mounting plugin SoundFields
LogPluginManager: Mounting plugin Synthesis
LogPluginManager: Mounting plugin WebMMoviePlayer
LogPluginManager: Mounting plugin WindowsMoviePlayer
LogPluginManager: Mounting plugin Takes
LogPluginManager: Mounting plugin ContentBrowserAssetDataSource
LogPluginManager: Mounting plugin ContentBrowserClassDataSource
LogPluginManager: Mounting plugin ContentBrowserFileDataSource
LogPluginManager: Mounting plugin OnlineSubsystemGooglePlay
LogPluginManager: Mounting plugin OnlineSubsystemIOS
LogPluginManager: Mounting plugin OculusVR
LogPluginManager: Mounting plugin SteamVR
PixWinPlugin: PIX capture plugin failed to initialize! Check that the process is launched from PIX.
LogInit: Using libcurl 7.55.1-DEV
LogInit:  - built for x86_64-pc-win32
LogInit:  - supports SSL with OpenSSL/1.1.1
LogInit:  - supports HTTP deflate (compression) using libz 1.2.8
LogInit:  - other features:
LogInit:      CURL_VERSION_SSL
LogInit:      CURL_VERSION_LIBZ
LogInit:      CURL_VERSION_IPV6
LogInit:      CURL_VERSION_ASYNCHDNS
LogInit:      CURL_VERSION_LARGEFILE
LogInit:      CURL_VERSION_IDN
LogInit:  CurlRequestOptions (configurable via config and command line):
LogInit:  - bVerifyPeer = true  - Libcurl will verify peer certificate
LogInit:  - bUseHttpProxy = false  - Libcurl will NOT use HTTP proxy
LogInit:  - bDontReuseConnections = false  - Libcurl will reuse connections
LogInit:  - MaxHostConnections = 16  - Libcurl will limit the number of connections to a host
LogInit:  - LocalHostAddr = Default
LogInit:  - BufferSize = 65536
LogOnline: OSS: Creating online subsystem instance for: NULL
LogInit: WinSock: version 1.1 (2.2), MaxSocks=32767, MaxUdp=65467
LogOnline: OSS: TryLoadSubsystemAndSetDefault: Loaded subsystem for module [NULL]
LogOculusPluginWrapper: OculusPlugin initialized successfully
LogHMD: Failed initializing OVRPlugin 1.59.0
LogInit: Build: ++UE4+Release-4.27-CL-18319896
LogInit: Engine Version: 4.27.2-18319896+++UE4+Release-4.27
LogInit: Compatible Engine Version: 4.27.0-17155196+++UE4+Release-4.27
LogInit: Net CL: 17155196
LogInit: OS: Windows 10 (Release 2009) (), CPU: Intel(R) Core(TM) i7-4510U CPU @ 2.00GHz, GPU: Intel(R) HD Graphics Family
LogInit: Compiled (64-bit): Nov 30 2021 07:12:08
LogInit: Compiled with Visual C++: 19.24.28315.00
LogInit: Build Configuration: Development
LogInit: Branch Name: ++UE4+Release-4.27
LogInit: Command Line:  /Game/FirstPersonBP/Blueprints/Menus/gamestart/Start -game -PIEVIACONSOLE -Multiprocess "GameUserSettingsINI=C:/Users/matsh/Documents/Unreal Projects/BigkennethYr2FMP/Bigkenneth/Saved/Config/Windows/PIEGameUserSettings0.ini" -MultiprocessSaveConfig -forcepassthrough -messaging -SessionName="Play in Standalone Game" -windowed -WinX=198 -WinY=100 SAVEWINPOS=1 -ResX=1356 -ResY=694
LogInit: Base Directory: C:/Program Files/Epic Games/UE_4.27/Engine/Binaries/Win64/
LogInit: Allocator: TBB
LogInit: Installed Engine Build: 1
LogDevObjectVersion: Number of dev versions registered: 29
LogDevObjectVersion:   Dev-Blueprints (B0D832E4-1F89-4F0D-ACCF-7EB736FD4AA2): 10
LogDevObjectVersion:   Dev-Build (E1C64328-A22C-4D53-A36C-8E866417BD8C): 0
LogDevObjectVersion:   Dev-Core (375EC13C-06E4-48FB-B500-84F0262A717E): 4
LogDevObjectVersion:   Dev-Editor (E4B068ED-F494-42E9-A231-DA0B2E46BB41): 40
LogDevObjectVersion:   Dev-Framework (CFFC743F-43B0-4480-9391-14DF171D2073): 37
LogDevObjectVersion:   Dev-Mobile (B02B49B5-BB20-44E9-A304-32B752E40360): 3
LogDevObjectVersion:   Dev-Networking (A4E4105C-59A1-49B5-A7C5-40C4547EDFEE): 0
LogDevObjectVersion:   Dev-Online (39C831C9-5AE6-47DC-9A44-9C173E1C8E7C): 0
LogDevObjectVersion:   Dev-Physics (78F01B33-EBEA-4F98-B9B4-84EACCB95AA2): 14
LogDevObjectVersion:   Dev-Platform (6631380F-2D4D-43E0-8009-CF276956A95A): 0
LogDevObjectVersion:   Dev-Rendering (12F88B9F-8875-4AFC-A67C-D90C383ABD29): 45
LogDevObjectVersion:   Dev-Sequencer (7B5AE74C-D270-4C10-A958-57980B212A5A): 13
LogDevObjectVersion:   Dev-VR (D7296918-1DD6-4BDD-9DE2-64A83CC13884): 3
LogDevObjectVersion:   Dev-LoadTimes (C2A15278-BFE7-4AFE-6C17-90FF531DF755): 1
LogDevObjectVersion:   Private-Geometry (6EACA3D4-40EC-4CC1-B786-8BED09428FC5): 3
LogDevObjectVersion:   Dev-AnimPhys (29E575DD-E0A3-4627-9D10-D276232CDCEA): 17
LogDevObjectVersion:   Dev-Anim (AF43A65D-7FD3-4947-9873-3E8ED9C1BB05): 15
LogDevObjectVersion:   Dev-ReflectionCapture (6B266CEC-1EC7-4B8F-A30B-E4D90942FC07): 1
LogDevObjectVersion:   Dev-Automation (0DF73D61-A23F-47EA-B727-89E90C41499A): 1
LogDevObjectVersion:   FortniteMain (601D1886-AC64-4F84-AA16-D3DE0DEAC7D6): 47
LogDevObjectVersion:   FortniteRelease (E7086368-6B23-4C58-8439-1B7016265E91): 1
LogDevObjectVersion:   Dev-Enterprise (9DFFBCD6-494F-0158-E221-12823C92A888): 10
LogDevObjectVersion:   Dev-Niagara (F2AED0AC-9AFE-416F-8664-AA7FFA26D6FC): 1
LogDevObjectVersion:   Dev-Destruction (174F1F0B-B4C6-45A5-B13F-2EE8D0FB917D): 10
LogDevObjectVersion:   Dev-Physics-Ext (35F94A83-E258-406C-A318-09F59610247C): 41
LogDevObjectVersion:   Dev-PhysicsMaterial-Chaos (B68FC16E-8B1B-42E2-B453-215C058844FE): 1
LogDevObjectVersion:   Dev-CineCamera (B2E18506-4273-CFC2-A54E-F4BB758BBA07): 1
LogDevObjectVersion:   Dev-VirtualProduction (64F58936-FD1B-42BA-BA96-7289D5D0FA4E): 1
LogDevObjectVersion:   Dev-MediaFramework (6F0ED827-A609-4895-9C91-998D90180EA4): 2
LogInit: Presizing for max 25165824 objects, including 0 objects not considered by GC, pre-allocating 0 bytes for permanent pool.
LogConfig: Applying CVar settings from Section [/Script/Engine.StreamingSettings] File [C:/Users/matsh/Documents/Unreal Projects/BigkennethYr2FMP/Bigkenneth/Saved/Config/Windows/Engine.ini]
LogConfig: Setting CVar [[s.MinBulkDataSizeForAsyncLoading:131072]]
LogConfig: Setting CVar [[s.AsyncLoadingThreadEnabled:0]]
LogConfig: Setting CVar [[s.EventDrivenLoaderEnabled:1]]
LogConfig: Setting CVar [[s.WarnIfTimeLimitExceeded:0]]
LogConfig: Setting CVar [[s.TimeLimitExceededMultiplier:1.5]]
LogConfig: Setting CVar [[s.TimeLimitExceededMinTime:0.005]]
LogConfig: Setting CVar [[s.UseBackgroundLevelStreaming:1]]
LogConfig: Setting CVar [[s.PriorityAsyncLoadingExtraTime:15.0]]
LogConfig: Setting CVar [[s.LevelStreamingActorsUpdateTimeLimit:5.0]]
LogConfig: Setting CVar [[s.PriorityLevelStreamingActorsUpdateExtraTime:5.0]]
LogConfig: Setting CVar [[s.LevelStreamingComponentsRegistrationGranularity:10]]
LogConfig: Setting CVar [[s.UnregisterComponentsTimeLimit:1.0]]
LogConfig: Setting CVar [[s.LevelStreamingComponentsUnregistrationGranularity:5]]
LogConfig: Setting CVar [[s.FlushStreamingOnExit:1]]
LogInit: Object subsystem initialized
LogConfig: Setting CVar [[con.DebugEarlyDefault:1]]
LogConfig: Setting CVar [[r.setres:1280x720]]
[2022.05.08-20.07.06:111][  0]LogConfig: Setting CVar [[con.DebugEarlyDefault:1]]
[2022.05.08-20.07.06:111][  0]LogConfig: Setting CVar [[r.setres:1280x720]]
[2022.05.08-20.07.06:111][  0]LogConfig: Applying CVar settings from Section [/Script/Engine.RendererSettings] File [C:/Users/matsh/Documents/Unreal Projects/BigkennethYr2FMP/Bigkenneth/Saved/Config/Windows/Engine.ini]
[2022.05.08-20.07.06:112][  0]LogConfig: Setting CVar [[r.GPUCrashDebugging:0]]
[2022.05.08-20.07.06:112][  0]LogConfig: Setting CVar [[r.DefaultFeature.AutoExposure:0]]
[2022.05.08-20.07.06:112][  0]LogConfig: Applying CVar settings from Section [/Script/Engine.RendererOverrideSettings] File [C:/Users/matsh/Documents/Unreal Projects/BigkennethYr2FMP/Bigkenneth/Saved/Config/Windows/Engine.ini]
[2022.05.08-20.07.06:112][  0]LogConfig: Applying CVar settings from Section [/Script/Engine.StreamingSettings] File [C:/Users/matsh/Documents/Unreal Projects/BigkennethYr2FMP/Bigkenneth/Saved/Config/Windows/Engine.ini]
[2022.05.08-20.07.06:112][  0]LogConfig: Setting CVar [[s.MinBulkDataSizeForAsyncLoading:131072]]
[2022.05.08-20.07.06:112][  0]LogConfig: Setting CVar [[s.AsyncLoadingThreadEnabled:0]]
[2022.05.08-20.07.06:112][  0]LogConfig: Setting CVar [[s.EventDrivenLoaderEnabled:1]]
[2022.05.08-20.07.06:112][  0]LogConfig: Setting CVar [[s.WarnIfTimeLimitExceeded:0]]
[2022.05.08-20.07.06:112][  0]LogConfig: Setting CVar [[s.TimeLimitExceededMultiplier:1.5]]
[2022.05.08-20.07.06:113][  0]LogConfig: Setting CVar [[s.TimeLimitExceededMinTime:0.005]]
[2022.05.08-20.07.06:113][  0]LogConfig: Setting CVar [[s.UseBackgroundLevelStreaming:1]]
[2022.05.08-20.07.06:113][  0]LogConfig: Setting CVar [[s.PriorityAsyncLoadingExtraTime:15.0]]
[2022.05.08-20.07.06:113][  0]LogConfig: Setting CVar [[s.LevelStreamingActorsUpdateTimeLimit:5.0]]
[2022.05.08-20.07.06:113][  0]LogConfig: Setting CVar [[s.PriorityLevelStreamingActorsUpdateExtraTime:5.0]]
[2022.05.08-20.07.06:113][  0]LogConfig: Setting CVar [[s.LevelStreamingComponentsRegistrationGranularity:10]]
[2022.05.08-20.07.06:113][  0]LogConfig: Setting CVar [[s.UnregisterComponentsTimeLimit:1.0]]
[2022.05.08-20.07.06:113][  0]LogConfig: Setting CVar [[s.LevelStreamingComponentsUnregistrationGranularity:5]]
[2022.05.08-20.07.06:113][  0]LogConfig: Setting CVar [[s.FlushStreamingOnExit:1]]
[2022.05.08-20.07.06:113][  0]LogConfig: Applying CVar settings from Section [/Script/Engine.GarbageCollectionSettings] File [C:/Users/matsh/Documents/Unreal Projects/BigkennethYr2FMP/Bigkenneth/Saved/Config/Windows/Engine.ini]
[2022.05.08-20.07.06:113][  0]LogConfig: Setting CVar [[gc.MaxObjectsNotConsideredByGC:1]]
[2022.05.08-20.07.06:114][  0]LogConfig: Setting CVar [[gc.SizeOfPermanentObjectPool:0]]
[2022.05.08-20.07.06:114][  0]LogConfig: Setting CVar [[gc.FlushStreamingOnGC:0]]
[2022.05.08-20.07.06:114][  0]LogConfig: Setting CVar [[gc.NumRetriesBeforeForcingGC:10]]
[2022.05.08-20.07.06:114][  0]LogConfig: Setting CVar [[gc.AllowParallelGC:1]]
[2022.05.08-20.07.06:114][  0]LogConfig: Setting CVar [[gc.TimeBetweenPurgingPendingKillObjects:61.1]]
[2022.05.08-20.07.06:114][  0]LogConfig: Setting CVar [[gc.MaxObjectsInEditor:25165824]]
[2022.05.08-20.07.06:114][  0]LogConfig: Setting CVar [[gc.IncrementalBeginDestroyEnabled:1]]
[2022.05.08-20.07.06:114][  0]LogConfig: Setting CVar [[gc.CreateGCClusters:1]]
[2022.05.08-20.07.06:114][  0]LogConfig: Setting CVar [[gc.MinGCClusterSize:5]]
[2022.05.08-20.07.06:114][  0]LogConfig: Setting CVar [[gc.ActorClusteringEnabled:0]]
[2022.05.08-20.07.06:114][  0]LogConfig: Setting CVar [[gc.BlueprintClusteringEnabled:0]]
[2022.05.08-20.07.06:114][  0]LogConfig: Setting CVar [[gc.UseDisregardForGCOnDedicatedServers:0]]
[2022.05.08-20.07.06:114][  0]LogConfig: Setting CVar [[gc.MultithreadedDestructionEnabled:1]]
[2022.05.08-20.07.06:115][  0]LogConfig: Applying CVar settings from Section [/Script/Engine.NetworkSettings] File [C:/Users/matsh/Documents/Unreal Projects/BigkennethYr2FMP/Bigkenneth/Saved/Config/Windows/Engine.ini]
[2022.05.08-20.07.06:115][  0]LogConfig: Applying CVar settings from Section [/Script/UnrealEd.CookerSettings] File [C:/Users/matsh/Documents/Unreal Projects/BigkennethYr2FMP/Bigkenneth/Saved/Config/Windows/Engine.ini]
[2022.05.08-20.07.06:137][  0]LogConfig: Applying CVar settings from Section [ViewDistanceQuality@3] File [C:/Users/matsh/Documents/Unreal Projects/BigkennethYr2FMP/Bigkenneth/Saved/Config/Windows/Scalability.ini]
[2022.05.08-20.07.06:137][  0]LogConfig: Setting CVar [[r.SkeletalMeshLODBias:0]]
[2022.05.08-20.07.06:137][  0]LogConfig: Setting CVar [[r.ViewDistanceScale:1.0]]
[2022.05.08-20.07.06:137][  0]LogConfig: Applying CVar settings from Section [AntiAliasingQuality@3] File [C:/Users/matsh/Documents/Unreal Projects/BigkennethYr2FMP/Bigkenneth/Saved/Config/Windows/Scalability.ini]
[2022.05.08-20.07.06:137][  0]LogConfig: Setting CVar [[r.PostProcessAAQuality:4]]
[2022.05.08-20.07.06:137][  0]LogConfig: Applying CVar settings from Section [ShadowQuality@3] File [C:/Users/matsh/Documents/Unreal Projects/BigkennethYr2FMP/Bigkenneth/Saved/Config/Windows/Scalability.ini]
[2022.05.08-20.07.06:137][  0]LogConfig: Setting CVar [[r.LightFunctionQuality:1]]
[2022.05.08-20.07.06:137][  0]LogConfig: Setting CVar [[r.ShadowQuality:5]]
[2022.05.08-20.07.06:138][  0]LogConfig: Setting CVar [[r.Shadow.CSM.MaxCascades:10]]
[2022.05.08-20.07.06:138][  0]LogConfig: Setting CVar [[r.Shadow.MaxResolution:2048]]
[2022.05.08-20.07.06:138][  0]LogConfig: Setting CVar [[r.Shadow.MaxCSMResolution:2048]]
[2022.05.08-20.07.06:138][  0]LogConfig: Setting CVar [[r.Shadow.RadiusThreshold:0.01]]
[2022.05.08-20.07.06:138][  0]LogConfig: Setting CVar [[r.Shadow.DistanceScale:1.0]]
[2022.05.08-20.07.06:138][  0]LogConfig: Setting CVar [[r.Shadow.CSM.TransitionScale:1.0]]
[2022.05.08-20.07.06:138][  0]LogConfig: Setting CVar [[r.Shadow.PreShadowResolutionFactor:1.0]]
[2022.05.08-20.07.06:138][  0]LogConfig: Setting CVar [[r.DistanceFieldShadowing:1]]
[2022.05.08-20.07.06:138][  0]LogConfig: Setting CVar [[r.DistanceFieldAO:1]]
[2022.05.08-20.07.06:138][  0]LogConfig: Setting CVar [[r.AOQuality:2]]
[2022.05.08-20.07.06:138][  0]LogConfig: Setting CVar [[r.VolumetricFog:1]]
[2022.05.08-20.07.06:139][  0]LogConfig: Setting CVar [[r.VolumetricFog.GridPixelSize:8]]
[2022.05.08-20.07.06:139][  0]LogConfig: Setting CVar [[r.VolumetricFog.GridSizeZ:128]]
[2022.05.08-20.07.06:139][  0]LogConfig: Setting CVar [[r.VolumetricFog.HistoryMissSupersampleCount:4]]
[2022.05.08-20.07.06:139][  0]LogConfig: Setting CVar [[r.LightMaxDrawDistanceScale:1]]
[2022.05.08-20.07.06:139][  0]LogConfig: Setting CVar [[r.CapsuleShadows:1]]
[2022.05.08-20.07.06:139][  0]LogConfig: Applying CVar settings from Section [PostProcessQuality@3] File [C:/Users/matsh/Documents/Unreal Projects/BigkennethYr2FMP/Bigkenneth/Saved/Config/Windows/Scalability.ini]
[2022.05.08-20.07.06:139][  0]LogConfig: Setting CVar [[r.MotionBlurQuality:4]]
[2022.05.08-20.07.06:139][  0]LogConfig: Setting CVar [[r.AmbientOcclusionMipLevelFactor:0.4]]
[2022.05.08-20.07.06:139][  0]LogConfig: Setting CVar [[r.AmbientOcclusionMaxQuality:100]]
[2022.05.08-20.07.06:139][  0]LogConfig: Setting CVar [[r.AmbientOcclusionLevels:-1]]
[2022.05.08-20.07.06:140][  0]LogConfig: Setting CVar [[r.AmbientOcclusionRadiusScale:1.0]]
[2022.05.08-20.07.06:140][  0]LogConfig: Setting CVar [[r.DepthOfFieldQuality:2]]
[2022.05.08-20.07.06:140][  0]LogConfig: Setting CVar [[r.RenderTargetPoolMin:400]]
[2022.05.08-20.07.06:140][  0]LogConfig: Setting CVar [[r.LensFlareQuality:2]]
[2022.05.08-20.07.06:140][  0]LogConfig: Setting CVar [[r.SceneColorFringeQuality:1]]
[2022.05.08-20.07.06:140][  0]LogConfig: Setting CVar [[r.EyeAdaptationQuality:2]]
[2022.05.08-20.07.06:140][  0]LogConfig: Setting CVar [[r.BloomQuality:5]]
[2022.05.08-20.07.06:140][  0]LogConfig: Setting CVar [[r.FastBlurThreshold:100]]
[2022.05.08-20.07.06:140][  0]LogConfig: Setting CVar [[r.Upscale.Quality:3]]
[2022.05.08-20.07.06:140][  0]LogConfig: Setting CVar [[r.Tonemapper.GrainQuantization:1]]
[2022.05.08-20.07.06:140][  0]LogConfig: Setting CVar [[r.LightShaftQuality:1]]
[2022.05.08-20.07.06:140][  0]LogConfig: Setting CVar [[r.Filter.SizeScale:1]]
[2022.05.08-20.07.06:141][  0]LogConfig: Setting CVar [[r.Tonemapper.Quality:5]]
[2022.05.08-20.07.06:141][  0]LogConfig: Setting CVar [[r.DOF.Gather.AccumulatorQuality:1        ; higher gathering accumulator quality]]
[2022.05.08-20.07.06:141][  0]LogConfig: Setting CVar [[r.DOF.Gather.PostfilterMethod:1          ; Median3x3 postfilering method]]
[2022.05.08-20.07.06:141][  0]LogConfig: Setting CVar [[r.DOF.Gather.EnableBokehSettings:0       ; no bokeh simulation when gathering]]
[2022.05.08-20.07.06:141][  0]LogConfig: Setting CVar [[r.DOF.Gather.RingCount:4                 ; medium number of samples when gathering]]
[2022.05.08-20.07.06:141][  0]LogConfig: Setting CVar [[r.DOF.Scatter.ForegroundCompositing:1    ; additive foreground scattering]]
[2022.05.08-20.07.06:141][  0]LogConfig: Setting CVar [[r.DOF.Scatter.BackgroundCompositing:2    ; additive background scattering]]
[2022.05.08-20.07.06:141][  0]LogConfig: Setting CVar [[r.DOF.Scatter.EnableBokehSettings:1      ; bokeh simulation when scattering]]
[2022.05.08-20.07.06:141][  0]LogConfig: Setting CVar [[r.DOF.Scatter.MaxSpriteRatio:0.1         ; only a maximum of 10% of scattered bokeh]]
[2022.05.08-20.07.06:141][  0]LogConfig: Setting CVar [[r.DOF.Recombine.Quality:1                ; cheap slight out of focus]]
[2022.05.08-20.07.06:142][  0]LogConfig: Setting CVar [[r.DOF.Recombine.EnableBokehSettings:0    ; no bokeh simulation on slight out of focus]]
[2022.05.08-20.07.06:142][  0]LogConfig: Setting CVar [[r.DOF.TemporalAAQuality:1                ; more stable temporal accumulation]]
[2022.05.08-20.07.06:142][  0]LogConfig: Setting CVar [[r.DOF.Kernel.MaxForegroundRadius:0.025]]
[2022.05.08-20.07.06:142][  0]LogConfig: Setting CVar [[r.DOF.Kernel.MaxBackgroundRadius:0.025]]
[2022.05.08-20.07.06:142][  0]LogConfig: Applying CVar settings from Section [TextureQuality@3] File [C:/Users/matsh/Documents/Unreal Projects/BigkennethYr2FMP/Bigkenneth/Saved/Config/Windows/Scalability.ini]
[2022.05.08-20.07.06:142][  0]LogConfig: Setting CVar [[r.Streaming.MipBias:0]]
[2022.05.08-20.07.06:142][  0]LogConfig: Setting CVar [[r.Streaming.AmortizeCPUToGPUCopy:0]]
[2022.05.08-20.07.06:142][  0]LogConfig: Setting CVar [[r.Streaming.MaxNumTexturesToStreamPerFrame:0]]
[2022.05.08-20.07.06:142][  0]LogConfig: Setting CVar [[r.Streaming.Boost:1]]
[2022.05.08-20.07.06:142][  0]LogConfig: Setting CVar [[r.MaxAnisotropy:8]]
[2022.05.08-20.07.06:142][  0]LogConfig: Setting CVar [[r.VT.MaxAnisotropy:8]]
[2022.05.08-20.07.06:143][  0]LogConfig: Setting CVar [[r.Streaming.LimitPoolSizeToVRAM:0]]
[2022.05.08-20.07.06:143][  0]LogConfig: Setting CVar [[r.Streaming.PoolSize:1000]]
[2022.05.08-20.07.06:143][  0]LogConfig: Setting CVar [[r.Streaming.MaxEffectiveScreenSize:0]]
[2022.05.08-20.07.06:143][  0]LogConfig: Applying CVar settings from Section [EffectsQuality@3] File [C:/Users/matsh/Documents/Unreal Projects/BigkennethYr2FMP/Bigkenneth/Saved/Config/Windows/Scalability.ini]
[2022.05.08-20.07.06:143][  0]LogConfig: Setting CVar [[r.TranslucencyLightingVolumeDim:64]]
[2022.05.08-20.07.06:143][  0]LogConfig: Setting CVar [[r.RefractionQuality:2]]
[2022.05.08-20.07.06:143][  0]LogConfig: Setting CVar [[r.SSR.Quality:3]]
[2022.05.08-20.07.06:143][  0]LogConfig: Setting CVar [[r.SSR.HalfResSceneColor:0]]
[2022.05.08-20.07.06:143][  0]LogConfig: Setting CVar [[r.SceneColorFormat:4]]
[2022.05.08-20.07.06:143][  0]LogConfig: Setting CVar [[r.DetailMode:2]]
[2022.05.08-20.07.06:144][  0]LogConfig: Setting CVar [[r.TranslucencyVolumeBlur:1]]
[2022.05.08-20.07.06:144][  0]LogConfig: Setting CVar [[r.MaterialQualityLevel:1 ; High quality]]
[2022.05.08-20.07.06:144][  0]LogConfig: Setting CVar [[r.AnisotropicMaterials:1]]
[2022.05.08-20.07.06:144][  0]LogConfig: Setting CVar [[r.SSS.Scale:1]]
[2022.05.08-20.07.06:144][  0]LogConfig: Setting CVar [[r.SSS.SampleSet:2]]
[2022.05.08-20.07.06:144][  0]LogConfig: Setting CVar [[r.SSS.Quality:1]]
[2022.05.08-20.07.06:144][  0]LogConfig: Setting CVar [[r.SSS.HalfRes:0]]
[2022.05.08-20.07.06:145][  0]LogConfig: Setting CVar [[r.SSGI.Quality:3]]
[2022.05.08-20.07.06:145][  0]LogConfig: Setting CVar [[r.EmitterSpawnRateScale:1.0]]
[2022.05.08-20.07.06:145][  0]LogConfig: Setting CVar [[r.ParticleLightQuality:2]]
[2022.05.08-20.07.06:146][  0]LogConfig: Setting CVar [[r.SkyAtmosphere.AerialPerspectiveLUT.FastApplyOnOpaque:1 ; Always have FastSkyLUT 1 in this case to avoid wrong sky]]
[2022.05.08-20.07.06:146][  0]LogConfig: Setting CVar [[r.SkyAtmosphere.AerialPerspectiveLUT.SampleCountMaxPerSlice:4]]
[2022.05.08-20.07.06:146][  0]LogConfig: Setting CVar [[r.SkyAtmosphere.AerialPerspectiveLUT.DepthResolution:16.0]]
[2022.05.08-20.07.06:146][  0]LogConfig: Setting CVar [[r.SkyAtmosphere.FastSkyLUT:1]]
[2022.05.08-20.07.06:146][  0]LogConfig: Setting CVar [[r.SkyAtmosphere.FastSkyLUT.SampleCountMin:4.0]]
[2022.05.08-20.07.06:146][  0]LogConfig: Setting CVar [[r.SkyAtmosphere.FastSkyLUT.SampleCountMax:128.0]]
[2022.05.08-20.07.06:146][  0]LogConfig: Setting CVar [[r.SkyAtmosphere.SampleCountMin:4.0]]
[2022.05.08-20.07.06:146][  0]LogConfig: Setting CVar [[r.SkyAtmosphere.SampleCountMax:128.0]]
[2022.05.08-20.07.06:147][  0]LogConfig: Setting CVar [[r.SkyAtmosphere.TransmittanceLUT.UseSmallFormat:0]]
[2022.05.08-20.07.06:147][  0]LogConfig: Setting CVar [[r.SkyAtmosphere.TransmittanceLUT.SampleCount:10.0]]
[2022.05.08-20.07.06:147][  0]LogConfig: Setting CVar [[r.SkyAtmosphere.MultiScatteringLUT.SampleCount:15.0]]
[2022.05.08-20.07.06:147][  0]LogConfig: Setting CVar [[r.SkyLight.RealTimeReflectionCapture:1]]
[2022.05.08-20.07.06:147][  0]LogConfig: Applying CVar settings from Section [FoliageQuality@3] File [C:/Users/matsh/Documents/Unreal Projects/BigkennethYr2FMP/Bigkenneth/Saved/Config/Windows/Scalability.ini]
[2022.05.08-20.07.06:147][  0]LogConfig: Setting CVar [[foliage.DensityScale:1.0]]
[2022.05.08-20.07.06:147][  0]LogConfig: Setting CVar [[grass.DensityScale:1.0]]
[2022.05.08-20.07.06:147][  0]LogConfig: Applying CVar settings from Section [ShadingQuality@3] File [C:/Users/matsh/Documents/Unreal Projects/BigkennethYr2FMP/Bigkenneth/Saved/Config/Windows/Scalability.ini]
[2022.05.08-20.07.06:147][  0]LogConfig: Setting CVar [[r.HairStrands.SkyLighting.IntegrationType:2]]
[2022.05.08-20.07.06:148][  0]LogConfig: Setting CVar [[r.HairStrands.SkyAO.SampleCount:4]]
[2022.05.08-20.07.06:148][  0]LogConfig: Setting CVar [[r.HairStrands.Visibility.MSAA.SamplePerPixel:4]]
[2022.05.08-20.07.06:148][  0]LogInit: Selected Device Profile: [Windows]
[2022.05.08-20.07.06:148][  0]LogInit: Applying CVar settings loaded from the selected device profile: [Windows]
[2022.05.08-20.07.06:148][  0]LogHAL: Display: Platform has ~ 16 GB [17097437184 / 17179869184 / 16], which maps to Larger [LargestMinGB=32, LargerMinGB=12, DefaultMinGB=8, SmallerMinGB=6, SmallestMinGB=0)
[2022.05.08-20.07.06:149][  0]LogInit: Going up to parent DeviceProfile []
[2022.05.08-20.07.06:149][  0]LogConfig: Applying CVar settings from Section [ViewDistanceQuality@3] File [C:/Users/matsh/Documents/Unreal Projects/BigkennethYr2FMP/Bigkenneth/Saved/Config/Windows/Scalability.ini]
[2022.05.08-20.07.06:149][  0]LogConfig: Setting CVar [[r.SkeletalMeshLODBias:0]]
[2022.05.08-20.07.06:149][  0]LogConfig: Setting CVar [[r.ViewDistanceScale:1.0]]
[2022.05.08-20.07.06:149][  0]LogConfig: Applying CVar settings from Section [AntiAliasingQuality@3] File [C:/Users/matsh/Documents/Unreal Projects/BigkennethYr2FMP/Bigkenneth/Saved/Config/Windows/Scalability.ini]
[2022.05.08-20.07.06:149][  0]LogConfig: Setting CVar [[r.PostProcessAAQuality:4]]
[2022.05.08-20.07.06:149][  0]LogConfig: Applying CVar settings from Section [ShadowQuality@3] File [C:/Users/matsh/Documents/Unreal Projects/BigkennethYr2FMP/Bigkenneth/Saved/Config/Windows/Scalability.ini]
[2022.05.08-20.07.06:150][  0]LogConfig: Setting CVar [[r.LightFunctionQuality:1]]
[2022.05.08-20.07.06:150][  0]LogConfig: Setting CVar [[r.ShadowQuality:5]]
[2022.05.08-20.07.06:150][  0]LogConfig: Setting CVar [[r.Shadow.CSM.MaxCascades:10]]
[2022.05.08-20.07.06:150][  0]LogConfig: Setting CVar [[r.Shadow.MaxResolution:2048]]
[2022.05.08-20.07.06:150][  0]LogConfig: Setting CVar [[r.Shadow.MaxCSMResolution:2048]]
[2022.05.08-20.07.06:150][  0]LogConfig: Setting CVar [[r.Shadow.RadiusThreshold:0.01]]
[2022.05.08-20.07.06:150][  0]LogConfig: Setting CVar [[r.Shadow.DistanceScale:1.0]]
[2022.05.08-20.07.06:150][  0]LogConfig: Setting CVar [[r.Shadow.CSM.TransitionScale:1.0]]
[2022.05.08-20.07.06:150][  0]LogConfig: Setting CVar [[r.Shadow.PreShadowResolutionFactor:1.0]]
[2022.05.08-20.07.06:150][  0]LogConfig: Setting CVar [[r.DistanceFieldShadowing:1]]
[2022.05.08-20.07.06:150][  0]LogConfig: Setting CVar [[r.DistanceFieldAO:1]]
[2022.05.08-20.07.06:150][  0]LogConfig: Setting CVar [[r.AOQuality:2]]
[2022.05.08-20.07.06:151][  0]LogConfig: Setting CVar [[r.VolumetricFog:1]]
[2022.05.08-20.07.06:151][  0]LogConfig: Setting CVar [[r.VolumetricFog.GridPixelSize:8]]
[2022.05.08-20.07.06:151][  0]LogConfig: Setting CVar [[r.VolumetricFog.GridSizeZ:128]]
[2022.05.08-20.07.06:151][  0]LogConfig: Setting CVar [[r.VolumetricFog.HistoryMissSupersampleCount:4]]
[2022.05.08-20.07.06:151][  0]LogConfig: Setting CVar [[r.LightMaxDrawDistanceScale:1]]
[2022.05.08-20.07.06:151][  0]LogConfig: Setting CVar [[r.CapsuleShadows:1]]
[2022.05.08-20.07.06:151][  0]LogConfig: Applying CVar settings from Section [PostProcessQuality@3] File [C:/Users/matsh/Documents/Unreal Projects/BigkennethYr2FMP/Bigkenneth/Saved/Config/Windows/Scalability.ini]
[2022.05.08-20.07.06:151][  0]LogConfig: Setting CVar [[r.MotionBlurQuality:4]]
[2022.05.08-20.07.06:151][  0]LogConfig: Setting CVar [[r.AmbientOcclusionMipLevelFactor:0.4]]
[2022.05.08-20.07.06:151][  0]LogConfig: Setting CVar [[r.AmbientOcclusionMaxQuality:100]]
[2022.05.08-20.07.06:152][  0]LogConfig: Setting CVar [[r.AmbientOcclusionLevels:-1]]
[2022.05.08-20.07.06:152][  0]LogConfig: Setting CVar [[r.AmbientOcclusionRadiusScale:1.0]]
[2022.05.08-20.07.06:152][  0]LogConfig: Setting CVar [[r.DepthOfFieldQuality:2]]
[2022.05.08-20.07.06:152][  0]LogConfig: Setting CVar [[r.RenderTargetPoolMin:400]]
[2022.05.08-20.07.06:152][  0]LogConfig: Setting CVar [[r.LensFlareQuality:2]]
[2022.05.08-20.07.06:152][  0]LogConfig: Setting CVar [[r.SceneColorFringeQuality:1]]
[2022.05.08-20.07.06:152][  0]LogConfig: Setting CVar [[r.EyeAdaptationQuality:2]]
[2022.05.08-20.07.06:152][  0]LogConfig: Setting CVar [[r.BloomQuality:5]]
[2022.05.08-20.07.06:152][  0]LogConfig: Setting CVar [[r.FastBlurThreshold:100]]
[2022.05.08-20.07.06:153][  0]LogConfig: Setting CVar [[r.Upscale.Quality:3]]
[2022.05.08-20.07.06:153][  0]LogConfig: Setting CVar [[r.Tonemapper.GrainQuantization:1]]
[2022.05.08-20.07.06:153][  0]LogConfig: Setting CVar [[r.LightShaftQuality:1]]
[2022.05.08-20.07.06:153][  0]LogConfig: Setting CVar [[r.Filter.SizeScale:1]]
[2022.05.08-20.07.06:153][  0]LogConfig: Setting CVar [[r.Tonemapper.Quality:5]]
[2022.05.08-20.07.06:153][  0]LogConfig: Setting CVar [[r.DOF.Gather.AccumulatorQuality:1        ; higher gathering accumulator quality]]
[2022.05.08-20.07.06:153][  0]LogConfig: Setting CVar [[r.DOF.Gather.PostfilterMethod:1          ; Median3x3 postfilering method]]
[2022.05.08-20.07.06:153][  0]LogConfig: Setting CVar [[r.DOF.Gather.EnableBokehSettings:0       ; no bokeh simulation when gathering]]
[2022.05.08-20.07.06:153][  0]LogConfig: Setting CVar [[r.DOF.Gather.RingCount:4                 ; medium number of samples when gathering]]
[2022.05.08-20.07.06:153][  0]LogConfig: Setting CVar [[r.DOF.Scatter.ForegroundCompositing:1    ; additive foreground scattering]]
[2022.05.08-20.07.06:153][  0]LogConfig: Setting CVar [[r.DOF.Scatter.BackgroundCompositing:2    ; additive background scattering]]
[2022.05.08-20.07.06:154][  0]LogConfig: Setting CVar [[r.DOF.Scatter.EnableBokehSettings:1      ; bokeh simulation when scattering]]
[2022.05.08-20.07.06:154][  0]LogConfig: Setting CVar [[r.DOF.Scatter.MaxSpriteRatio:0.1         ; only a maximum of 10% of scattered bokeh]]
[2022.05.08-20.07.06:154][  0]LogConfig: Setting CVar [[r.DOF.Recombine.Quality:1                ; cheap slight out of focus]]
[2022.05.08-20.07.06:154][  0]LogConfig: Setting CVar [[r.DOF.Recombine.EnableBokehSettings:0    ; no bokeh simulation on slight out of focus]]
[2022.05.08-20.07.06:155][  0]LogConfig: Setting CVar [[r.DOF.TemporalAAQuality:1                ; more stable temporal accumulation]]
[2022.05.08-20.07.06:155][  0]LogConfig: Setting CVar [[r.DOF.Kernel.MaxForegroundRadius:0.025]]
[2022.05.08-20.07.06:156][  0]LogConfig: Setting CVar [[r.DOF.Kernel.MaxBackgroundRadius:0.025]]
[2022.05.08-20.07.06:156][  0]LogConfig: Applying CVar settings from Section [TextureQuality@3] File [C:/Users/matsh/Documents/Unreal Projects/BigkennethYr2FMP/Bigkenneth/Saved/Config/Windows/Scalability.ini]
[2022.05.08-20.07.06:156][  0]LogConfig: Setting CVar [[r.Streaming.MipBias:0]]
[2022.05.08-20.07.06:157][  0]LogConfig: Setting CVar [[r.Streaming.AmortizeCPUToGPUCopy:0]]
[2022.05.08-20.07.06:157][  0]LogConfig: Setting CVar [[r.Streaming.MaxNumTexturesToStreamPerFrame:0]]
[2022.05.08-20.07.06:157][  0]LogConfig: Setting CVar [[r.Streaming.Boost:1]]
[2022.05.08-20.07.06:157][  0]LogConfig: Setting CVar [[r.MaxAnisotropy:8]]
[2022.05.08-20.07.06:157][  0]LogConfig: Setting CVar [[r.VT.MaxAnisotropy:8]]
[2022.05.08-20.07.06:157][  0]LogConfig: Setting CVar [[r.Streaming.LimitPoolSizeToVRAM:0]]
[2022.05.08-20.07.06:157][  0]LogConfig: Setting CVar [[r.Streaming.PoolSize:1000]]
[2022.05.08-20.07.06:157][  0]LogConfig: Setting CVar [[r.Streaming.MaxEffectiveScreenSize:0]]
[2022.05.08-20.07.06:158][  0]LogConfig: Applying CVar settings from Section [EffectsQuality@3] File [C:/Users/matsh/Documents/Unreal Projects/BigkennethYr2FMP/Bigkenneth/Saved/Config/Windows/Scalability.ini]
[2022.05.08-20.07.06:158][  0]LogConfig: Setting CVar [[r.TranslucencyLightingVolumeDim:64]]
[2022.05.08-20.07.06:158][  0]LogConfig: Setting CVar [[r.RefractionQuality:2]]
[2022.05.08-20.07.06:158][  0]LogConfig: Setting CVar [[r.SSR.Quality:3]]
[2022.05.08-20.07.06:159][  0]LogConfig: Setting CVar [[r.SSR.HalfResSceneColor:0]]
[2022.05.08-20.07.06:159][  0]LogConfig: Setting CVar [[r.SceneColorFormat:4]]
[2022.05.08-20.07.06:159][  0]LogConfig: Setting CVar [[r.DetailMode:2]]
[2022.05.08-20.07.06:159][  0]LogConfig: Setting CVar [[r.TranslucencyVolumeBlur:1]]
[2022.05.08-20.07.06:159][  0]LogConfig: Setting CVar [[r.MaterialQualityLevel:1 ; High quality]]
[2022.05.08-20.07.06:159][  0]LogConfig: Setting CVar [[r.AnisotropicMaterials:1]]
[2022.05.08-20.07.06:159][  0]LogConfig: Setting CVar [[r.SSS.Scale:1]]
[2022.05.08-20.07.06:159][  0]LogConfig: Setting CVar [[r.SSS.SampleSet:2]]
[2022.05.08-20.07.06:159][  0]LogConfig: Setting CVar [[r.SSS.Quality:1]]
[2022.05.08-20.07.06:159][  0]LogConfig: Setting CVar [[r.SSS.HalfRes:0]]
[2022.05.08-20.07.06:159][  0]LogConfig: Setting CVar [[r.SSGI.Quality:3]]
[2022.05.08-20.07.06:160][  0]LogConfig: Setting CVar [[r.EmitterSpawnRateScale:1.0]]
[2022.05.08-20.07.06:160][  0]LogConfig: Setting CVar [[r.ParticleLightQuality:2]]
[2022.05.08-20.07.06:160][  0]LogConfig: Setting CVar [[r.SkyAtmosphere.AerialPerspectiveLUT.FastApplyOnOpaque:1 ; Always have FastSkyLUT 1 in this case to avoid wrong sky]]
[2022.05.08-20.07.06:160][  0]LogConfig: Setting CVar [[r.SkyAtmosphere.AerialPerspectiveLUT.SampleCountMaxPerSlice:4]]
[2022.05.08-20.07.06:160][  0]LogConfig: Setting CVar [[r.SkyAtmosphere.AerialPerspectiveLUT.DepthResolution:16.0]]
[2022.05.08-20.07.06:160][  0]LogConfig: Setting CVar [[r.SkyAtmosphere.FastSkyLUT:1]]
[2022.05.08-20.07.06:160][  0]LogConfig: Setting CVar [[r.SkyAtmosphere.FastSkyLUT.SampleCountMin:4.0]]
[2022.05.08-20.07.06:160][  0]LogConfig: Setting CVar [[r.SkyAtmosphere.FastSkyLUT.SampleCountMax:128.0]]
[2022.05.08-20.07.06:160][  0]LogConfig: Setting CVar [[r.SkyAtmosphere.SampleCountMin:4.0]]
[2022.05.08-20.07.06:160][  0]LogConfig: Setting CVar [[r.SkyAtmosphere.SampleCountMax:128.0]]
[2022.05.08-20.07.06:160][  0]LogConfig: Setting CVar [[r.SkyAtmosphere.TransmittanceLUT.UseSmallFormat:0]]
[2022.05.08-20.07.06:160][  0]LogConfig: Setting CVar [[r.SkyAtmosphere.TransmittanceLUT.SampleCount:10.0]]
[2022.05.08-20.07.06:161][  0]LogConfig: Setting CVar [[r.SkyAtmosphere.MultiScatteringLUT.SampleCount:15.0]]
[2022.05.08-20.07.06:161][  0]LogConfig: Setting CVar [[r.SkyLight.RealTimeReflectionCapture:1]]
[2022.05.08-20.07.06:161][  0]LogConfig: Applying CVar settings from Section [FoliageQuality@3] File [C:/Users/matsh/Documents/Unreal Projects/BigkennethYr2FMP/Bigkenneth/Saved/Config/Windows/Scalability.ini]
[2022.05.08-20.07.06:162][  0]LogConfig: Setting CVar [[foliage.DensityScale:1.0]]
[2022.05.08-20.07.06:162][  0]LogConfig: Setting CVar [[grass.DensityScale:1.0]]
[2022.05.08-20.07.06:162][  0]LogConfig: Applying CVar settings from Section [ShadingQuality@3] File [C:/Users/matsh/Documents/Unreal Projects/BigkennethYr2FMP/Bigkenneth/Saved/Config/Windows/Scalability.ini]
[2022.05.08-20.07.06:162][  0]LogConfig: Setting CVar [[r.HairStrands.SkyLighting.IntegrationType:2]]
[2022.05.08-20.07.06:162][  0]LogConfig: Setting CVar [[r.HairStrands.SkyAO.SampleCount:4]]
[2022.05.08-20.07.06:162][  0]LogConfig: Setting CVar [[r.HairStrands.Visibility.MSAA.SamplePerPixel:4]]
[2022.05.08-20.07.06:162][  0]LogConfig: Applying CVar settings from Section [Startup] File [../../../Engine/Config/ConsoleVariables.ini]
[2022.05.08-20.07.06:165][  0]LogConfig: Setting CVar [[net.UseAdaptiveNetUpdateFrequency:0]]
[2022.05.08-20.07.06:166][  0]LogConfig: Setting CVar [[p.chaos.AllowCreatePhysxBodies:1]]
[2022.05.08-20.07.06:166][  0]LogConfig: Setting CVar [[fx.SkipVectorVMBackendOptimizations:1]]
[2022.05.08-20.07.06:166][  0]LogConfig: Applying CVar settings from Section [ConsoleVariables] File [C:/Users/matsh/Documents/Unreal Projects/BigkennethYr2FMP/Bigkenneth/Saved/Config/Windows/Engine.ini]
[2022.05.08-20.07.06:166][  0]LogConfig: Applying CVar settings from Section [ConsoleVariables] File [C:/Users/matsh/Documents/Unreal Projects/BigkennethYr2FMP/Bigkenneth/Saved/Config/Windows/Editor.ini]
[2022.05.08-20.07.06:166][  0]LogInit: Computer: DESKTOP-GI7I3CH
[2022.05.08-20.07.06:167][  0]LogInit: User: matsh
[2022.05.08-20.07.06:167][  0]LogInit: CPU Page size=4096, Cores=2
[2022.05.08-20.07.06:167][  0]LogInit: High frequency timer resolution =10.000000 MHz
[2022.05.08-20.07.06:167][  0]LogMemory: Memory total: Physical=15.9GB (16GB approx)
[2022.05.08-20.07.06:167][  0]LogMemory: Platform Memory Stats for Windows
[2022.05.08-20.07.06:167][  0]LogMemory: Process Physical Memory: 140.32 MB used, 140.32 MB peak
[2022.05.08-20.07.06:167][  0]LogMemory: Process Virtual Memory: 125.19 MB used, 125.19 MB peak
[2022.05.08-20.07.06:167][  0]LogMemory: Physical Memory: 7060.89 MB used,  9244.49 MB free, 16305.39 MB total
[2022.05.08-20.07.06:167][  0]LogMemory: Virtual Memory: 134209368.00 MB used,  8359.98 MB free, 134217728.00 MB total
[2022.05.08-20.07.06:233][  0]LogWindows: WindowsPlatformFeatures enabled
[2022.05.08-20.07.06:520][  0]LogInit: Physics initialised using underlying interface: PhysX
[2022.05.08-20.07.06:522][  0]LogInit: Using OS detected language (en-GB).
[2022.05.08-20.07.06:523][  0]LogInit: Using OS detected locale (en-GB).
[2022.05.08-20.07.06:581][  0]LogTextLocalizationManager: No specific localization for 'en-GB' exists, so the 'en' localization will be used.
[2022.05.08-20.07.08:716][  0]LogWindowsTextInputMethodSystem: Display: IME system deactivated.
[2022.05.08-20.07.08:843][  0]LogSlate: New Slate User Created.  User Index 0, Is Virtual User: 0
[2022.05.08-20.07.08:843][  0]LogSlate: Slate User Registered.  User Index 0, Is Virtual User: 0
[2022.05.08-20.07.08:932][  0]LogD3D11RHI: Loaded GFSDK_Aftermath_Lib.x64.dll
[2022.05.08-20.07.08:958][  0]LogHMD: Failed to initialize OpenVR with code 110
[2022.05.08-20.07.08:958][  0]LogD3D11RHI: D3D11 min allowed feature level: 11_0
[2022.05.08-20.07.08:959][  0]LogD3D11RHI: D3D11 max allowed feature level: 11_0
[2022.05.08-20.07.08:959][  0]LogD3D11RHI: D3D11 adapters:
[2022.05.08-20.07.09:023][  0]LogD3D11RHI:    0. 'Intel(R) HD Graphics Family' (Feature Level 11_0)
[2022.05.08-20.07.09:024][  0]LogD3D11RHI:       112/0/2048 MB DedicatedVideo/DedicatedSystem/SharedSystem, Outputs:1, VendorId:0x8086
[2022.05.08-20.07.09:048][  0]LogD3D11RHI:    1. 'Microsoft Basic Render Driver' (Feature Level 11_0)
[2022.05.08-20.07.09:048][  0]LogD3D11RHI:       0/0/8152 MB DedicatedVideo/DedicatedSystem/SharedSystem, Outputs:0, VendorId:0x1414
[2022.05.08-20.07.09:048][  0]LogD3D11RHI: Chosen D3D11 Adapter:
[2022.05.08-20.07.09:048][  0]LogD3D11RHI:     Description : Intel(R) HD Graphics Family
[2022.05.08-20.07.09:049][  0]LogD3D11RHI:     VendorId    : 8086
[2022.05.08-20.07.09:049][  0]LogD3D11RHI:     DeviceId    : 0a16
[2022.05.08-20.07.09:049][  0]LogD3D11RHI:     SubSysId    : 80c3103c
[2022.05.08-20.07.09:049][  0]LogD3D11RHI:     Revision    : 000b
[2022.05.08-20.07.09:049][  0]LogD3D11RHI:     DedicatedVideoMemory : 117964800 bytes
[2022.05.08-20.07.09:049][  0]LogD3D11RHI:     DedicatedSystemMemory : 0 bytes
[2022.05.08-20.07.09:049][  0]LogD3D11RHI:     SharedSystemMemory : 2147483648 bytes
[2022.05.08-20.07.09:049][  0]LogD3D11RHI:     AdapterLuid : 0 70698
[2022.05.08-20.07.09:090][  0]LogD3D11RHI: Creating new Direct3DDevice
[2022.05.08-20.07.09:090][  0]LogD3D11RHI:     GPU DeviceId: 0xa16 (for the marketing name, search the web for "GPU Device Id")
[2022.05.08-20.07.09:090][  0]LogWindows: EnumDisplayDevices:
[2022.05.08-20.07.09:091][  0]LogWindows:    0. 'Intel(R) HD Graphics Family' (P:1 D:1)
[2022.05.08-20.07.09:093][  0]LogWindows:    1. 'Intel(R) HD Graphics Family' (P:0 D:0)
[2022.05.08-20.07.09:094][  0]LogWindows:    2. 'Intel(R) HD Graphics Family' (P:0 D:0)
[2022.05.08-20.07.09:097][  0]LogWindows: DebugString: FoundDriverCount:3 
[2022.05.08-20.07.09:097][  0]LogD3D11RHI:     Adapter Name: Intel(R) HD Graphics Family
[2022.05.08-20.07.09:097][  0]LogD3D11RHI:   Driver Version: 20.19.15.5063 (internal:20.19.15.5063, unified:20.19.15.5063)
[2022.05.08-20.07.09:097][  0]LogD3D11RHI:      Driver Date: 10-29-2018
[2022.05.08-20.07.09:097][  0]LogRHI: Texture pool is 795 MB (70% of 1136 MB)
[2022.05.08-20.07.09:097][  0]LogD3D11RHI: Creating D3DDevice using adapter:
[2022.05.08-20.07.09:097][  0]LogD3D11RHI:     Description : Intel(R) HD Graphics Family
[2022.05.08-20.07.09:097][  0]LogD3D11RHI:     VendorId    : 8086
[2022.05.08-20.07.09:097][  0]LogD3D11RHI:     DeviceId    : 0a16
[2022.05.08-20.07.09:098][  0]LogD3D11RHI:     SubSysId    : 80c3103c
[2022.05.08-20.07.09:098][  0]LogD3D11RHI:     Revision    : 000b
[2022.05.08-20.07.09:098][  0]LogD3D11RHI:     DedicatedVideoMemory : 117964800 bytes
[2022.05.08-20.07.09:098][  0]LogD3D11RHI:     DedicatedSystemMemory : 0 bytes
[2022.05.08-20.07.09:098][  0]LogD3D11RHI:     SharedSystemMemory : 2147483648 bytes
[2022.05.08-20.07.09:098][  0]LogD3D11RHI:     AdapterLuid : 0 70698
[2022.05.08-20.07.09:130][  0]LogD3D11RHI: RHI does not have support for 64 bit atomics
[2022.05.08-20.07.09:325][  0]LogD3D11RHI: Intel Extensions Framework not found
[2022.05.08-20.07.09:325][  0]LogD3D11RHI: Async texture creation enabled
[2022.05.08-20.07.09:325][  0]LogD3D11RHI: Array index from any shader is supported
[2022.05.08-20.07.09:374][  0]LogD3D11RHI: GPU Timing Frequency: 12.500000 (Debug: 2 0)
[2022.05.08-20.07.12:715][  0]LogTargetPlatformManager: Display: Loaded TargetPlatform 'WindowsNoEditor'
[2022.05.08-20.07.12:767][  0]LogTargetPlatformManager: Display: Loaded TargetPlatform 'Windows'
[2022.05.08-20.07.12:815][  0]LogTargetPlatformManager: Display: Loaded TargetPlatform 'WindowsClient'
[2022.05.08-20.07.12:874][  0]LogTargetPlatformManager: Display: Loaded TargetPlatform 'WindowsServer'
[2022.05.08-20.07.12:874][  0]LogTargetPlatformManager: Display: Building Assets For Windows
[2022.05.08-20.07.12:968][  0]LogAudioDebug: Display: Lib vorbis DLL was dynamically loaded.
[2022.05.08-20.07.13:425][  0]LogTextureFormatOodle: Display: Oodle Texture 2.9.0 init RDO Off
[2022.05.08-20.07.13:824][  0]LogRendererCore: Ray tracing is disabled. Reason: r.RayTracing=0.
[2022.05.08-20.07.13:824][  0]LogShaderCompilers: Guid format shader working directory is -38 characters bigger than the processId version (../../../../../../Users/matsh/Documents/Unreal Projects/BigkennethYr2FMP/Bigkenneth/Intermediate/Shaders/WorkingDirectory/14724/).
[2022.05.08-20.07.13:826][  0]LogShaderCompilers: Cleaned the shader compiler working directory 'C:/Users/matsh/AppData/Local/Temp/UnrealShaderWorkingDir/394ECC5648FE0E1AAC302EB4DBFD61FE/'.
[2022.05.08-20.07.13:828][  0]LogXGEController: Cannot use XGE Controller as Incredibuild is not installed on this machine.
[2022.05.08-20.07.13:829][  0]LogShaderCompilers: Cannot use XGE Shader Compiler as Incredibuild is not installed on this machine.
[2022.05.08-20.07.13:829][  0]LogShaderCompilers: Display: Using Local Shader Compiler.
[2022.05.08-20.07.20:983][  0]LogDerivedDataCache: Display: Max Cache Size: 512 MB
[2022.05.08-20.07.21:445][  0]LogDerivedDataCache: Loaded boot cache 0.46s 94MB C:/Users/matsh/AppData/Local/UnrealEngine/4.27/DerivedDataCache/Boot.ddc.
[2022.05.08-20.07.21:446][  0]LogDerivedDataCache: Display: Loaded Boot cache: C:/Users/matsh/AppData/Local/UnrealEngine/4.27/DerivedDataCache/Boot.ddc
[2022.05.08-20.07.21:446][  0]LogDerivedDataCache: FDerivedDataBackendGraph:  Pak pak cache file ../../../../../../Users/matsh/Documents/Unreal Projects/BigkennethYr2FMP/Bigkenneth/DerivedDataCache/DDC.ddp not found, will not use a pak cache.
[2022.05.08-20.07.21:446][  0]LogDerivedDataCache: Unable to find inner node Pak for hierarchical cache Hierarchy.
[2022.05.08-20.07.21:447][  0]LogDerivedDataCache: FDerivedDataBackendGraph:  CompressedPak pak cache file ../../../../../../Users/matsh/Documents/Unreal Projects/BigkennethYr2FMP/Bigkenneth/DerivedDataCache/Compressed.ddp not found, will not use a pak cache.
[2022.05.08-20.07.21:447][  0]LogDerivedDataCache: Unable to find inner node CompressedPak for hierarchical cache Hierarchy.
[2022.05.08-20.07.21:552][  0]LogDerivedDataCache: Display: Pak cache opened for reading ../../../Engine/DerivedDataCache/Compressed.ddp.
[2022.05.08-20.07.21:552][  0]LogDerivedDataCache: FDerivedDataBackendGraph:  EnterprisePak pak cache file ../../../Enterprise/DerivedDataCache/Compressed.ddp not found, will not use a pak cache.
[2022.05.08-20.07.21:552][  0]LogDerivedDataCache: Unable to find inner node EnterprisePak for hierarchical cache Hierarchy.
[2022.05.08-20.07.21:649][  0]LogDerivedDataCache: Speed tests for C:/Users/matsh/AppData/Local/UnrealEngine/Common/DerivedDataCache took 0.10 seconds
[2022.05.08-20.07.21:649][  0]LogDerivedDataCache: Display: Performance to C:/Users/matsh/AppData/Local/UnrealEngine/Common/DerivedDataCache: Latency=0.61ms. RandomReadSpeed=62.61MBs, RandomWriteSpeed=12.58MBs. Assigned SpeedClass 'Local'
[2022.05.08-20.07.21:652][  0]LogDerivedDataCache: Using Local data cache path C:/Users/matsh/AppData/Local/UnrealEngine/Common/DerivedDataCache: Writable
[2022.05.08-20.07.21:653][  0]LogDerivedDataCache: Shared data cache path not found in *engine.ini, will not use an Shared cache.
[2022.05.08-20.07.21:653][  0]LogDerivedDataCache: Unable to find inner node Shared for hierarchical cache Hierarchy.
[2022.05.08-20.07.21:999][  0]LogSlate: Using FreeType 2.10.0
[2022.05.08-20.07.22:004][  0]LogSlate: SlateFontServices - WITH_FREETYPE: 1, WITH_HARFBUZZ: 1
[2022.05.08-20.07.22:856][  0]LogInit: Using OS detected language (en-GB).
[2022.05.08-20.07.22:856][  0]LogInit: Using OS detected locale (en-GB).
[2022.05.08-20.07.22:857][  0]LogTextLocalizationManager: No localization for 'en-GB' exists, so 'en' will be used for the language.
[2022.05.08-20.07.22:857][  0]LogTextLocalizationManager: No localization for 'en-GB' exists, so 'en' will be used for the locale.
[2022.05.08-20.07.22:858][  0]LogSlate: FontCache flush requested. Reason: Culture for localization was changed
[2022.05.08-20.07.22:858][  0]LogSlate: FontCache flush requested. Reason: Culture for localization was changed
[2022.05.08-20.07.22:892][  0]LogAssetRegistry: FAssetRegistry took 0.0229 seconds to start up
[2022.05.08-20.07.24:448][  0]LogTextLocalizationManager: Compacting localization data took   0.04ms
[2022.05.08-20.07.24:448][  0]LogPackageLocalizationCache: Processed 27 localized package path(s) for 1 prioritized culture(s) in 0.015321 seconds
[2022.05.08-20.07.25:286][  0]LogInit: Selected Device Profile: [Windows]
[2022.05.08-20.07.25:287][  0]LogInit: Active device profile: [00000178E6CCAD00][00000178DE8E9AC0 49] Windows
[2022.05.08-20.07.25:287][  0]LogInit: Profiles: [00000178E6CCAD00][00000178DE8E9AC0 49] Windows, [00000178E6C69700][00000178DE8F00C0 49] WindowsNoEditor, [00000178E6CCA200][00000178DE8F4240 49] WindowsServer, [00000178E6C6A100][00000178DE8EC380 49] WindowsClient, [00000178E6CC8400][00000178DE8F84C0 49] IOS, [00000178E6C6B400][00000178DE8FC600 49] iPadAir, [00000178E6C69500][00000178DE900740 49] iPadAir2, [00000178E6C05000][00000178E6786A00 49] IPadPro, [00000178E6C05100][00000178DE908A40 49] iPadAir3, [00000178E6CC8C00][00000178E678ABC0 49] iPadAir4, [00000178E6C07100][00000178E678ED40 49] iPadMini2, [00000178E6C04600][00000178E6792EC0 49] iPadMini3, [00000178E6C6B800][00000178E6797040 49] iPadMini4, [00000178E6C07800][00000178E679B1C0 49] iPadMini5, [00000178E6C14900][00000178E67A3480 49] iPhone6, [00000178E6C14A00][00000178E679F4C0 49] iPodTouch6, [00000178E6CCB700][00000178E67AB780 49] iPhone7, [00000178E6CC8600][00000178E67A77C0 49] iPodTouch7, [00000178E6C14400][00000178E67AF940 49] iPhone5S, [00000178E6C6BC00][00000178E67B3AC0 49] iPhone6Plus, [00000178E6C17C00][00000178E67B60C0 49] iPhone6S, [00000178E6C6A800][00000178E67BA240 49] iPhone6SPlus, [00000178E6C16500][00000178E67BE3C0 49] iPhone7Plus, [00000178E6C6B200][00000178E67C2540 49] iPhoneSE, [00000178E6C16800][00000178DE904680 49] iPhone8, [00000178E6C68E00][00000178E67C67C0 49] iPhone8Plus, [00000178E6C14200][00000178E67CA900 49] iPhoneX, [00000178E6CC8700][00000178E67D2A80 49] iPhoneXS, [00000178E6C15E00][00000178E67D6C00 49] iPhoneXSMax, [00000178E6CC9500][00000178E67DAD80 49] iPhoneXR, [00000178E6C14C00][00000178E67DEF00 49] iPhone11, [00000178E6CC8500][00000178E67E3080 49] iPhone11Pro, [00000178E6C15C00][00000178E67E7200 49] iPhone11ProMax, [00000178E6CC9B00][00000178E67EB380 49] iPhoneSE2, [00000178E6C17200][00000178E67EF500 49] iPhone12Mini, [00000178E6CCA600][00000178E67F3680 49] iPhone12, [00000178E6C16200][00000178E67F7800 49] iPhone12Pro, [00000178E6CCAF00][00000178E67FB980 49] iPhone12ProMax, [00000178E6C17000][00000178E67FFB00 49] iPadPro105, [00000178E6CCA300][00000178E6802100 49] iPadPro129, [00000178E6C17A00][00000178E6806280 49] iPadPro97, [00000178E6CCAB00][00000178E680A400 49] iPadPro2_129, [00000178E6C14300][00000178E680E580 49] iPad5, [00000178E6CC9F00][00000178E6812700 49] iPad6, [00000178E6C17400][00000178E67CE840 49] iPad7, [00000178E6CC8D00][00000178E6816980 49] iPad8, [00000178E6C15900][00000178E681AAC0 49] iPadPro11, [00000178E6CC9200][00000178E6822C40 49] iPadPro2_11, [00000178E6C17B00][00000178E6826DC0 49] iPadPro3_129, [00000178E6CC8B00][00000178E682AF40 49] iPadPro4_129, [00000178E6C15700][00000178E682F0C0 49] AppleTV, [00000178E6CC9D00][00000178E6833240 49] AppleTV4K, [00000178E6C17100][00000178E68373C0 49] TVOS, [00000178E6CCA500][00000178E683B540 49] Mac, [00000178E6C15B00][00000178E683F6C0 49] MacClient, [00000178E6CCB500][00000178E6843840 49] MacNoEditor, [00000178E6C15400][00000178E68479C0 49] MacServer, [00000178E6CC9100][00000178E684BB40 49] Linux, [00000178E6C14F00][00000178E684E140 49] LinuxAArch64, [00000178E6CCBA00][00000178E68522C0 49] LinuxNoEditor, [00000178E6C16C00][00000178E6856440 49] LinuxAArch64NoEditor, [00000178E6CC8F00][00000178E685A5C0 49] LinuxClient, [00000178E6C16D00][00000178E685E740 49] LinuxAArch64Client, [00000178E6CCA800][00000178E68628C0 49] LinuxServer, [00000178E6C15800][00000178E681EA00 49] LinuxAArch64Server, [00000178E6CCB200][00000178E6866B40 49] Android, [00000178E6C14700][00000178E686AC80 49] Android_Low, [00000178E6CCB100][00000178E686EDC0 49] Android_Mid, [00000178E6C14800][00000178E6876F40 49] Android_High, [00000178E6C68500][00000178E687B0C0 49] Android_Default, [00000178E6C07500][00000178E687F240 49] Android_Adreno4xx, [00000178E6C69600][00000178E68833C0 49] Android_Adreno5xx_Low, [00000178E6C06000][00000178E6887540 49] Android_Adreno5xx, [00000178E6C68A00][00000178E688B6C0 49] Android_Adreno6xx, [00000178E6C06900][00000178E688F840 49] Android_Adreno6xx_Vulkan, [00000178E6C6AE00][00000178E68939C0 49] Android_Mali_T6xx, [00000178E6C07700][00000178E6897B40 49] Android_Mali_T7xx, [00000178E6C6BF00][00000178E689A140 49] Android_Mali_T8xx, [00000178E6C07F00][00000178E689E2C0 49] Android_Mali_G71, [00000178E6C6A600][00000178E68A2440 49] Android_Mali_G72, [00000178E6C06400][00000178E68A65C0 49] Android_Mali_G72_Vulkan, [00000178E6C6B000][00000178E68AA740 49] Android_Mali_G76, [00000178E6C06800][00000178E68AE8C0 49] Android_Mali_G76_Vulkan, [00000178E6C6B900][00000178E68B2A40 49] Android_Mali_G77, [00000178E6C05A00][00000178E6872B80 49] Android_Mali_G77_Vulkan, [00000178E6C6B300][00000178E68B6CC0 49] Android_Mali_G78, [00000178E6C04B00][00000178E68BAE00 49] Android_Mali_G78_Vulkan, [00000178E6C6B600][00000178E68BEF40 49] Android_Mali_G710, [00000178E6C06F00][00000178E68C70C0 49] Android_Mali_G710_Vulkan, [00000178E6C68900][00000178E68CB240 49] Android_Vulkan_SM5, [00000178E6C04900][00000178DE90D3C0 49] Android_PowerVR_G6xxx, [00000178E6C69B00][00000178DE911540 49] Android_PowerVR_GT7xxx, [00000178E6C07300][00000178DE9156C0 49] Android_PowerVR_GE8xxx, [00000178E6C68600][00000178DE919840 49] Android_PowerVR_GM9xxx, [00000178E6C04800][00000178DE91D9C0 49] Android_PowerVR_GM9xxx_Vulkan, [00000178E6C69F00][00000178DE921B40 49] Android_TegraK1, [00000178E6C05B00][00000178DE924140 49] Android_Unknown_Vulkan, [00000178E6C69200][00000178DE9282C0 49] Lumin, [00000178E6C05C00][00000178DE92C440 49] Lumin_Desktop, [00000178E6C6AD00][00000178E115E5C0 49] HoloLens, 
[2022.05.08-20.07.25:764][  0]LogMeshReduction: Using QuadricMeshReduction for automatic static mesh reduction
[2022.05.08-20.07.25:765][  0]LogMeshReduction: Using SimplygonMeshReduction for automatic skeletal mesh reduction
[2022.05.08-20.07.25:765][  0]LogMeshReduction: Using ProxyLODMeshReduction for automatic mesh merging
[2022.05.08-20.07.25:765][  0]LogMeshReduction: No distributed automatic mesh merging module available
[2022.05.08-20.07.25:765][  0]LogMeshMerging: No distributed automatic mesh merging module available
[2022.05.08-20.07.26:713][  0]LogNetVersion: Bigkenneth 1.0.0, NetCL: 17155196, EngineNetVer: 17, GameNetVer: 0 (Checksum: 1549469159)
[2022.05.08-20.07.29:097][  0]LogTexture: Default maximum texture size for cubemaps generated from long-lat sources has been changed from 512 to unlimited. In order to preserve old behaiour for '/Engine/MapTemplates/Sky/DaylightAmbientCubemap.DaylightAmbientCubemap', its maximum texture size has been explicitly set to 512.
[2022.05.08-20.07.29:476][  0]LogHMD: PokeAHoleMaterial loaded successfully
[2022.05.08-20.07.30:659][  0]LogMoviePlayer: Initializing movie player
[2022.05.08-20.07.31:320][  0]LogNiagaraDebuggerClient: Niagara Debugger Client Initialized | Session: 9593961E4F025F0D9847B08ADC34863C | Instance: 0E0A1B0541F4D6B60E8F0A96D0883C8A (DESKTOP-GI7I3CH-14724).
[2022.05.08-20.07.31:501][  0]LogCollectionManager: Loaded 0 collections in 0.013472 seconds
[2022.05.08-20.07.31:523][  0]LogFileCache: Scanning file cache for directory 'C:/Users/matsh/Documents/Unreal Projects/BigkennethYr2FMP/Bigkenneth/Saved/Collections/' took 0.01s
[2022.05.08-20.07.31:523][  0]LogFileCache: Scanning file cache for directory 'C:/Users/matsh/Documents/Unreal Projects/BigkennethYr2FMP/Bigkenneth/Content/Developers/matsh/Collections/' took 0.00s
[2022.05.08-20.07.31:523][  0]LogCollectionManager: Fixed up redirectors for 0 collections in 0.000008 seconds (updated 0 objects)
[2022.05.08-20.07.31:737][  0]LogFileCache: Scanning file cache for directory 'C:/Users/matsh/Documents/Unreal Projects/BigkennethYr2FMP/Bigkenneth/Content/Collections/' took 0.00s
[2022.05.08-20.07.31:738][  0]LogPython: Using Python 3.7.7
[2022.05.08-20.07.37:210][  0]LogTcpMessaging: Initializing TcpMessaging bridge
[2022.05.08-20.07.37:242][  0]LogUdpMessaging: Initializing bridge on interface 0.0.0.0:0 to multicast group 230.0.0.1:6666.
[2022.05.08-20.07.38:272][  0]SourceControl: Source control is disabled
[2022.05.08-20.07.38:272][  0]SourceControl: Source control is disabled
[2022.05.08-20.07.38:303][  0]SourceControl: Source control is disabled
[2022.05.08-20.07.38:357][  0]LogUProjectInfo: Found projects:
[2022.05.08-20.07.38:462][  0]LogVSAccessor: Display: Unable to create Visual Studio setup instance: 80040154
[2022.05.08-20.07.38:466][  0]LogVSAccessor: Display: Unable to create Visual Studio setup instance: 80040154
[2022.05.08-20.07.38:470][  0]LogVSAccessor: Display: Unable to create Visual Studio setup instance: 80040154
[2022.05.08-20.07.39:139][  0]LogOpenImageDenoise: OIDN starting up
[2022.05.08-20.07.39:520][  0]LogAndroidPermission: UAndroidPermissionCallbackProxy::GetInstance
[2022.05.08-20.07.39:714][  0]LogAudioCaptureCore: Display: No Audio Capture implementations found. Audio input will be silent.
[2022.05.08-20.07.39:714][  0]LogAudioCaptureCore: Display: No Audio Capture implementations found. Audio input will be silent.
[2022.05.08-20.07.40:455][  0]LogOcInput: OculusInput pre-init called
[2022.05.08-20.07.40:497][  0]LogUObjectArray: 22121 objects as part of root set at end of initial load.
[2022.05.08-20.07.40:497][  0]LogUObjectAllocator: 5975632 out of 0 bytes used by permanent object pool.
[2022.05.08-20.07.40:497][  0]LogUObjectArray: CloseDisregardForGC: 0/0 objects in disregard for GC pool
[2022.05.08-20.07.40:828][  0]LogEngine: Initializing Engine...
[2022.05.08-20.07.40:859][  0]LogHMD: Failed to enumerate extensions. Please check that you have a valid OpenXR runtime installed.
[2022.05.08-20.07.40:864][  0]LogHMD: Failed to initialize OpenVR with code 110
[2022.05.08-20.07.40:864][  0]LogMagicLeap: Warning: VR disabled because ZI is not enabled.  To enable, in the editor, Edit -> Project Settings -> Plugins -> Magic Leap Plugin -> Enable Zero Iteration
[2022.05.08-20.07.40:874][  0]LogStats: UGameplayTagsManager::InitializeManager -  0.001 s
[2022.05.08-20.07.41:685][  0]LogInit: Initializing FReadOnlyCVARCache
[2022.05.08-20.07.41:686][  0]LogAudio: Display: Initializing Audio Device Manager...
[2022.05.08-20.07.41:718][  0]LogAudio: Display: Loading Default Audio Settings Objects...
[2022.05.08-20.07.41:725][  0]LogAudio: Display: No default SoundConcurrencyObject specified (or failed to load).
[2022.05.08-20.07.41:727][  0]LogAudio: Display: Audio Device Manager Initialized
[2022.05.08-20.07.41:727][  0]LogAudio: Display: Creating Audio Device:                 Id: 1, Scope: Shared, Realtime: True
[2022.05.08-20.07.41:728][  0]LogAudioMixer: Display: Audio Mixer Platform Settings:
[2022.05.08-20.07.41:728][  0]LogAudioMixer: Display: 	Sample Rate:						  48000
[2022.05.08-20.07.41:728][  0]LogAudioMixer: Display: 	Callback Buffer Frame Size Requested: 1024
[2022.05.08-20.07.41:728][  0]LogAudioMixer: Display: 	Callback Buffer Frame Size To Use:	  1024
[2022.05.08-20.07.41:728][  0]LogAudioMixer: Display: 	Number of buffers to queue:			  2
[2022.05.08-20.07.41:728][  0]LogAudioMixer: Display: 	Max Channels (voices):				  32
[2022.05.08-20.07.41:728][  0]LogAudioMixer: Display: 	Number of Async Source Workers:		  0
[2022.05.08-20.07.41:729][  0]LogAudio: Display: AudioDevice MaxSources: 32
[2022.05.08-20.07.41:734][  0]LogAudio: Display: Audio Spatialization Plugin: None (built-in).
[2022.05.08-20.07.41:734][  0]LogAudio: Display: Audio Reverb Plugin: None (built-in).
[2022.05.08-20.07.41:735][  0]LogAudio: Display: Audio Occlusion Plugin: None (built-in).
[2022.05.08-20.07.41:735][  0]LogAudioMixer: Display: Initializing audio mixer.
[2022.05.08-20.07.41:897][  0]LogAudioMixer: Display: 0: FrontLeft
[2022.05.08-20.07.41:897][  0]LogAudioMixer: Display: 1: FrontRight
[2022.05.08-20.07.42:100][  0]LogAudioMixer: Display: Using Audio Device Speaker/Headphone (Realtek High Definition Audio)
[2022.05.08-20.07.42:119][  0]LogAudioMixer: Display: Initializing Sound Submixes...
[2022.05.08-20.07.42:145][  0]LogAudioMixer: Display: Creating Master Submix 'MasterSubmixDefault'
[2022.05.08-20.07.42:145][  0]LogAudioMixer: Display: Creating Master Submix 'MasterReverbSubmixDefault'
[2022.05.08-20.07.42:151][  0]LogAudioMixer: Display: Creating Master Submix 'MasterEQSubmixDefault'
[2022.05.08-20.07.42:151][  0]LogAudioMixer: FMixerPlatformXAudio2::StartAudioStream() called
[2022.05.08-20.07.42:151][  0]LogAudioMixer: Display: Output buffers initialized: Frames=1024, Channels=2, Samples=2048
[2022.05.08-20.07.42:163][  0]LogAudioMixer: Display: Starting AudioMixerPlatformInterface::RunInternal()
[2022.05.08-20.07.42:163][  0]LogAudioMixer: Display: FMixerPlatformXAudio2::SubmitBuffer() called for the first time
[2022.05.08-20.07.42:164][  0]LogInit: FAudioDevice initialized.
[2022.05.08-20.07.42:185][  0]LogNetVersion: Set ProjectVersion to 1.0.0.0. Version Checksum will be recalculated on next use.
[2022.05.08-20.07.42:193][  0]LogInit: Texture streaming: Enabled
[2022.05.08-20.07.42:966][  0]LogAudio: Display: Audio Device (ID: 1) registered with world 'Untitled'.
[2022.05.08-20.07.42:969][  0]LogSlate: Updating window title bar state: overlay mode, drag disabled, window buttons hidden, title bar hidden
[2022.05.08-20.07.42:978][  0]LogInit: Display: Game Engine Initialized.
[2022.05.08-20.07.42:979][  0]LogNiagaraEditor: GEditor isn't valid! Particle reset commands will not work for Niagara components!
[2022.05.08-20.07.44:762][  0]LogInit: Display: Starting Game.
[2022.05.08-20.07.44:762][  0]LogNet: Browse: /Game/FirstPersonBP/Blueprints/Menus/gamestart/Start?Name=Player
[2022.05.08-20.07.44:763][  0]LogLoad: LoadMap: /Game/FirstPersonBP/Blueprints/Menus/gamestart/Start?Name=Player
[2022.05.08-20.07.44:763][  0]LogWorld: BeginTearingDown for /Temp/Untitled_0
[2022.05.08-20.07.44:773][  0]LogWorld: UWorld::CleanupWorld for Untitled, bSessionEnded=true, bCleanupResources=true
[2022.05.08-20.07.44:774][  0]LogSlate: InvalidateAllWidgets triggered.  All widgets were invalidated
[2022.05.08-20.07.46:838][  0]LogAudio: Display: Audio Device unregistered from world 'None'.
[2022.05.08-20.07.46:856][  0]LogUObjectHash: Compacting FUObjectHashTables data took   6.42ms
[2022.05.08-20.07.48:661][  0]LogAudio: Display: Audio Device (ID: 1) registered with world 'Start'.
[2022.05.08-20.07.48:724][  0]LogAIModule: Creating AISystem for world Start
[2022.05.08-20.07.48:725][  0]LogLoad: Game class is 'Gamestart_C'
[2022.05.08-20.07.48:752][  0]LogWorld: Bringing World /Game/FirstPersonBP/Blueprints/Menus/gamestart/Start.Start up for play (max tick rate 0) at 2022.05.08-21.07.48
[2022.05.08-20.07.48:756][  0]LogWorld: Bringing up level for play took: 0.027228
[2022.05.08-20.07.48:764][  0]LogGameMode: FindPlayerStart: PATHS NOT DEFINED or NO PLAYERSTART with positive rating
[2022.05.08-20.07.48:786][  0]LogLoad: Took 4.022621 seconds to LoadMap(/Game/FirstPersonBP/Blueprints/Menus/gamestart/Start)
[2022.05.08-20.07.49:036][  0]LogSlate: Took 0.001267 seconds to synchronously load lazily loaded font '../../../Engine/Content/Slate/Fonts/Roboto-Regular.ttf' (155K)
[2022.05.08-20.07.49:235][  0]LogRenderer: Reallocating scene render targets to support 1356x696 Format 10 NumSamples 1 (Frame:1).
[2022.05.08-20.07.49:236][  0]LogInit: Display: Engine is initialized. Leaving FEngineLoop::Init()
[2022.05.08-20.07.49:237][  0]LogLoad: (Engine Initialization) Total time: 64.14 seconds
[2022.05.08-20.07.49:237][  0]LogLoad: (Engine Initialization) Total Blueprint compile time: 0.00 seconds
[2022.05.08-20.07.53:182][  0]LogContentStreaming: Texture pool size now 1000 MB
[2022.05.08-20.07.53:240][  0]LogSlate: InvalidateAllWidgets triggered.  All widgets were invalidated
[2022.05.08-20.07.54:630][  1]LogSlate: Took 0.002132 seconds to synchronously load lazily loaded font '../../../Engine/Content/Slate/Fonts/Roboto-Regular.ttf' (155K)
